18-Jan-2024 09:55:50.936 INFO [main] org.apache.catalina.startup.VersionLoggerListener.log Nombre de la versión del servidor: Apache Tomcat/10.1.18
18-Jan-2024 09:55:50.940 INFO [main] org.apache.catalina.startup.VersionLoggerListener.log Server built:                      Jan 5 2024 14:39:40 UTC
18-Jan-2024 09:55:50.941 INFO [main] org.apache.catalina.startup.VersionLoggerListener.log Número de versión de servidor:     10.1.18.0
18-Jan-2024 09:55:50.941 INFO [main] org.apache.catalina.startup.VersionLoggerListener.log OS Name:                           Windows 10
18-Jan-2024 09:55:50.942 INFO [main] org.apache.catalina.startup.VersionLoggerListener.log Versión de Systema Operativo:      10.0
18-Jan-2024 09:55:50.942 INFO [main] org.apache.catalina.startup.VersionLoggerListener.log Arquitectura:                      amd64
18-Jan-2024 09:55:50.942 INFO [main] org.apache.catalina.startup.VersionLoggerListener.log Java Home:                         C:\Program Files\Java\jdk-19
18-Jan-2024 09:55:50.942 INFO [main] org.apache.catalina.startup.VersionLoggerListener.log JVM Version:                       19.0.1+10-21
18-Jan-2024 09:55:50.943 INFO [main] org.apache.catalina.startup.VersionLoggerListener.log Vededor JVM:                       Oracle Corporation
18-Jan-2024 09:55:50.943 INFO [main] org.apache.catalina.startup.VersionLoggerListener.log CATALINA_BASE:                     C:\Users\jhernandezp\Documents\jhernandezp\Curso2\JavaEE\apache-tomcat-10.1.18
18-Jan-2024 09:55:50.943 INFO [main] org.apache.catalina.startup.VersionLoggerListener.log CATALINA_HOME:                     C:\Users\jhernandezp\Documents\jhernandezp\Curso2\JavaEE\apache-tomcat-10.1.18
18-Jan-2024 09:55:50.954 INFO [main] org.apache.catalina.startup.VersionLoggerListener.log Command line argument:             -Djava.util.logging.config.file=C:\Users\jhernandezp\Documents\jhernandezp\Curso2\JavaEE\apache-tomcat-10.1.18\conf\logging.properties
18-Jan-2024 09:55:50.956 INFO [main] org.apache.catalina.startup.VersionLoggerListener.log Command line argument:             -Djava.util.logging.manager=org.apache.juli.ClassLoaderLogManager
18-Jan-2024 09:55:50.957 INFO [main] org.apache.catalina.startup.VersionLoggerListener.log Command line argument:             -Djdk.tls.ephemeralDHKeySize=2048
18-Jan-2024 09:55:50.957 INFO [main] org.apache.catalina.startup.VersionLoggerListener.log Command line argument:             -Djava.protocol.handler.pkgs=org.apache.catalina.webresources
18-Jan-2024 09:55:50.957 INFO [main] org.apache.catalina.startup.VersionLoggerListener.log Command line argument:             --add-opens=java.base/java.lang=ALL-UNNAMED
18-Jan-2024 09:55:50.957 INFO [main] org.apache.catalina.startup.VersionLoggerListener.log Command line argument:             --add-opens=java.base/java.io=ALL-UNNAMED
18-Jan-2024 09:55:50.958 INFO [main] org.apache.catalina.startup.VersionLoggerListener.log Command line argument:             --add-opens=java.base/java.util=ALL-UNNAMED
18-Jan-2024 09:55:50.958 INFO [main] org.apache.catalina.startup.VersionLoggerListener.log Command line argument:             --add-opens=java.base/java.util.concurrent=ALL-UNNAMED
18-Jan-2024 09:55:50.958 INFO [main] org.apache.catalina.startup.VersionLoggerListener.log Command line argument:             --add-opens=java.rmi/sun.rmi.transport=ALL-UNNAMED
18-Jan-2024 09:55:50.959 INFO [main] org.apache.catalina.startup.VersionLoggerListener.log Command line argument:             -Dcatalina.base=C:\Users\jhernandezp\Documents\jhernandezp\Curso2\JavaEE\apache-tomcat-10.1.18
18-Jan-2024 09:55:50.959 INFO [main] org.apache.catalina.startup.VersionLoggerListener.log Command line argument:             -Dcatalina.home=C:\Users\jhernandezp\Documents\jhernandezp\Curso2\JavaEE\apache-tomcat-10.1.18
18-Jan-2024 09:55:50.959 INFO [main] org.apache.catalina.startup.VersionLoggerListener.log Command line argument:             -Djava.io.tmpdir=C:\Users\jhernandezp\Documents\jhernandezp\Curso2\JavaEE\apache-tomcat-10.1.18\temp
18-Jan-2024 09:55:50.964 INFO [main] org.apache.catalina.core.AprLifecycleListener.lifecycleEvent Cargada la biblioteca nativa APR de Apache Tomcat [2.0.6] con la versión APR [1.7.4].
18-Jan-2024 09:55:50.970 INFO [main] org.apache.catalina.core.AprLifecycleListener.initializeSSL OpenSSL inicializado correctamente [OpenSSL 3.0.11 19 Sep 2023]
18-Jan-2024 09:55:51.209 INFO [main] org.apache.coyote.AbstractProtocol.init Inicializando el manejador de protocolo ["http-nio-8080"]

18-Jan-2024 09:55:51.227 SEVERE [main] org.apache.catalina.util.LifecycleBase.handleSubClassException Fallo al iniciar el componente [Connector["http-nio-8080"]]
	org.apache.catalina.LifecycleException: Falló la inicialización del manejador de protocolo
		at org.apache.catalina.connector.Connector.initInternal(Connector.java:1015)
		at org.apache.catalina.util.LifecycleBase.init(LifecycleBase.java:127)
		at org.apache.catalina.core.StandardService.initInternal(StandardService.java:554)
		at org.apache.catalina.util.LifecycleBase.init(LifecycleBase.java:127)
		at org.apache.catalina.core.StandardServer.initInternal(StandardServer.java:1010)
		at org.apache.catalina.util.LifecycleBase.init(LifecycleBase.java:127)
		at org.apache.catalina.startup.Catalina.load(Catalina.java:747)
		at org.apache.catalina.startup.Catalina.load(Catalina.java:769)
		at java.base/jdk.internal.reflect.DirectMethodHandleAccessor.invoke(DirectMethodHandleAccessor.java:104)
		at java.base/java.lang.reflect.Method.invoke(Method.java:578)
		at org.apache.catalina.startup.Bootstrap.load(Bootstrap.java:307)
		at org.apache.catalina.startup.Bootstrap.main(Bootstrap.java:477)
	Caused by: java.net.BindException: Address already in use: bind
		at java.base/sun.nio.ch.Net.bind0(Native Method)
		at java.base/sun.nio.ch.Net.bind(Net.java:555)
		at java.base/sun.nio.ch.ServerSocketChannelImpl.netBind(ServerSocketChannelImpl.java:344)
		at java.base/sun.nio.ch.ServerSocketChannelImpl.bind(ServerSocketChannelImpl.java:301)
		at org.apache.tomcat.util.net.NioEndpoint.initServerSocket(NioEndpoint.java:247)
		at org.apache.tomcat.util.net.NioEndpoint.bind(NioEndpoint.java:202)
		at org.apache.tomcat.util.net.AbstractEndpoint.bindWithCleanup(AbstractEndpoint.java:1280)
		at org.apache.tomcat.util.net.AbstractEndpoint.init(AbstractEndpoint.java:1293)
		at org.apache.coyote.AbstractProtocol.init(AbstractProtocol.java:624)
		at org.apache.coyote.http11.AbstractHttp11Protocol.init(AbstractHttp11Protocol.java:77)
		at org.apache.catalina.connector.Connector.initInternal(Connector.java:1013)
		... 11 more
18-Jan-2024 09:55:51.229 INFO [main] org.apache.catalina.startup.Catalina.load Server initialization in [486] milliseconds
18-Jan-2024 09:55:51.281 INFO [main] org.apache.catalina.core.StandardService.startInternal Arrancando servicio [Catalina]
18-Jan-2024 09:55:51.282 INFO [main] org.apache.catalina.core.StandardEngine.startInternal Starting Servlet engine: [Apache Tomcat/10.1.18]
18-Jan-2024 09:55:51.309 INFO [main] org.apache.catalina.startup.HostConfig.deployWAR Despliegue del archivo [C:\Users\jhernandezp\Documents\jhernandezp\Curso2\JavaEE\apache-tomcat-10.1.18\webapps\webapp-1.0-SNAPSHOT.war] de la aplicación web
18-Jan-2024 09:55:51.679 INFO [main] org.apache.catalina.startup.HostConfig.deployWAR Deployment of web application archive [C:\Users\jhernandezp\Documents\jhernandezp\Curso2\JavaEE\apache-tomcat-10.1.18\webapps\webapp-1.0-SNAPSHOT.war] has finished in [367] ms
18-Jan-2024 09:55:51.681 INFO [main] org.apache.catalina.startup.HostConfig.deployWAR Despliegue del archivo [C:\Users\jhernandezp\Documents\jhernandezp\Curso2\JavaEE\apache-tomcat-10.1.18\webapps\webapp.war] de la aplicación web
18-Jan-2024 09:55:51.743 INFO [main] org.apache.catalina.startup.HostConfig.deployWAR Deployment of web application archive [C:\Users\jhernandezp\Documents\jhernandezp\Curso2\JavaEE\apache-tomcat-10.1.18\webapps\webapp.war] has finished in [62] ms
18-Jan-2024 09:55:51.746 INFO [main] org.apache.catalina.startup.HostConfig.deployDirectory Desplegando el directorio [C:\Users\jhernandezp\Documents\jhernandezp\Curso2\JavaEE\apache-tomcat-10.1.18\webapps\docs] de la aplicación web
18-Jan-2024 09:55:51.803 INFO [main] org.apache.catalina.startup.HostConfig.deployDirectory Deployment of web application directory [C:\Users\jhernandezp\Documents\jhernandezp\Curso2\JavaEE\apache-tomcat-10.1.18\webapps\docs] has finished in [57] ms
18-Jan-2024 09:55:51.803 INFO [main] org.apache.catalina.startup.HostConfig.deployDirectory Desplegando el directorio [C:\Users\jhernandezp\Documents\jhernandezp\Curso2\JavaEE\apache-tomcat-10.1.18\webapps\examples] de la aplicación web
18-Jan-2024 09:55:52.480 INFO [main] org.apache.catalina.startup.HostConfig.deployDirectory Deployment of web application directory [C:\Users\jhernandezp\Documents\jhernandezp\Curso2\JavaEE\apache-tomcat-10.1.18\webapps\examples] has finished in [677] ms
18-Jan-2024 09:55:52.480 INFO [main] org.apache.catalina.startup.HostConfig.deployDirectory Desplegando el directorio [C:\Users\jhernandezp\Documents\jhernandezp\Curso2\JavaEE\apache-tomcat-10.1.18\webapps\host-manager] de la aplicación web
18-Jan-2024 09:55:52.548 INFO [main] org.apache.catalina.startup.HostConfig.deployDirectory Deployment of web application directory [C:\Users\jhernandezp\Documents\jhernandezp\Curso2\JavaEE\apache-tomcat-10.1.18\webapps\host-manager] has finished in [68] ms
18-Jan-2024 09:55:52.549 INFO [main] org.apache.catalina.startup.HostConfig.deployDirectory Desplegando el directorio [C:\Users\jhernandezp\Documents\jhernandezp\Curso2\JavaEE\apache-tomcat-10.1.18\webapps\manager] de la aplicación web
18-Jan-2024 09:55:52.619 INFO [main] org.apache.catalina.startup.HostConfig.deployDirectory Deployment of web application directory [C:\Users\jhernandezp\Documents\jhernandezp\Curso2\JavaEE\apache-tomcat-10.1.18\webapps\manager] has finished in [70] ms
18-Jan-2024 09:55:52.623 INFO [main] org.apache.catalina.startup.HostConfig.deployDirectory Desplegando el directorio [C:\Users\jhernandezp\Documents\jhernandezp\Curso2\JavaEE\apache-tomcat-10.1.18\webapps\ROOT] de la aplicación web
18-Jan-2024 09:55:52.663 INFO [main] org.apache.catalina.startup.HostConfig.deployDirectory Deployment of web application directory [C:\Users\jhernandezp\Documents\jhernandezp\Curso2\JavaEE\apache-tomcat-10.1.18\webapps\ROOT] has finished in [40] ms
18-Jan-2024 09:55:52.670 INFO [main] org.apache.catalina.startup.Catalina.start Server startup in [1440] milliseconds
