17-Jan-2024 12:45:11.868 INFO [main] org.apache.catalina.startup.VersionLoggerListener.log Nombre de la versión del servidor: Apache Tomcat/10.1.18
17-Jan-2024 12:45:11.876 INFO [main] org.apache.catalina.startup.VersionLoggerListener.log Server built:                      Jan 5 2024 14:39:40 UTC
17-Jan-2024 12:45:11.883 INFO [main] org.apache.catalina.startup.VersionLoggerListener.log Número de versión de servidor:     10.1.18.0
17-Jan-2024 12:45:11.883 INFO [main] org.apache.catalina.startup.VersionLoggerListener.log OS Name:                           Windows 10
17-Jan-2024 12:45:11.888 INFO [main] org.apache.catalina.startup.VersionLoggerListener.log Versión de Systema Operativo:      10.0
17-Jan-2024 12:45:11.892 INFO [main] org.apache.catalina.startup.VersionLoggerListener.log Arquitectura:                      amd64
17-Jan-2024 12:45:11.892 INFO [main] org.apache.catalina.startup.VersionLoggerListener.log Java Home:                         C:\Program Files\Java\jdk-19
17-Jan-2024 12:45:11.893 INFO [main] org.apache.catalina.startup.VersionLoggerListener.log JVM Version:                       19.0.1+10-21
17-Jan-2024 12:45:11.893 INFO [main] org.apache.catalina.startup.VersionLoggerListener.log Vededor JVM:                       Oracle Corporation
17-Jan-2024 12:45:11.893 INFO [main] org.apache.catalina.startup.VersionLoggerListener.log CATALINA_BASE:                     C:\Users\jhernandezp\Documents\jhernandezp\Curso2\JavaEE\apache-tomcat-10.1.18
17-Jan-2024 12:45:11.894 INFO [main] org.apache.catalina.startup.VersionLoggerListener.log CATALINA_HOME:                     C:\Users\jhernandezp\Documents\jhernandezp\Curso2\JavaEE\apache-tomcat-10.1.18
17-Jan-2024 12:45:11.897 INFO [main] org.apache.catalina.startup.VersionLoggerListener.log Command line argument:             -Djava.util.logging.config.file=C:\Users\jhernandezp\Documents\jhernandezp\Curso2\JavaEE\apache-tomcat-10.1.18\conf\logging.properties
17-Jan-2024 12:45:11.902 INFO [main] org.apache.catalina.startup.VersionLoggerListener.log Command line argument:             -Djava.util.logging.manager=org.apache.juli.ClassLoaderLogManager
17-Jan-2024 12:45:11.903 INFO [main] org.apache.catalina.startup.VersionLoggerListener.log Command line argument:             -Djdk.tls.ephemeralDHKeySize=2048
17-Jan-2024 12:45:11.903 INFO [main] org.apache.catalina.startup.VersionLoggerListener.log Command line argument:             -Djava.protocol.handler.pkgs=org.apache.catalina.webresources
17-Jan-2024 12:45:11.908 INFO [main] org.apache.catalina.startup.VersionLoggerListener.log Command line argument:             --add-opens=java.base/java.lang=ALL-UNNAMED
17-Jan-2024 12:45:11.909 INFO [main] org.apache.catalina.startup.VersionLoggerListener.log Command line argument:             --add-opens=java.base/java.io=ALL-UNNAMED
17-Jan-2024 12:45:11.909 INFO [main] org.apache.catalina.startup.VersionLoggerListener.log Command line argument:             --add-opens=java.base/java.util=ALL-UNNAMED
17-Jan-2024 12:45:11.909 INFO [main] org.apache.catalina.startup.VersionLoggerListener.log Command line argument:             --add-opens=java.base/java.util.concurrent=ALL-UNNAMED
17-Jan-2024 12:45:11.910 INFO [main] org.apache.catalina.startup.VersionLoggerListener.log Command line argument:             --add-opens=java.rmi/sun.rmi.transport=ALL-UNNAMED
17-Jan-2024 12:45:11.910 INFO [main] org.apache.catalina.startup.VersionLoggerListener.log Command line argument:             -Dcatalina.base=C:\Users\jhernandezp\Documents\jhernandezp\Curso2\JavaEE\apache-tomcat-10.1.18
17-Jan-2024 12:45:11.910 INFO [main] org.apache.catalina.startup.VersionLoggerListener.log Command line argument:             -Dcatalina.home=C:\Users\jhernandezp\Documents\jhernandezp\Curso2\JavaEE\apache-tomcat-10.1.18
17-Jan-2024 12:45:11.910 INFO [main] org.apache.catalina.startup.VersionLoggerListener.log Command line argument:             -Djava.io.tmpdir=C:\Users\jhernandezp\Documents\jhernandezp\Curso2\JavaEE\apache-tomcat-10.1.18\temp
17-Jan-2024 12:45:11.925 INFO [main] org.apache.catalina.core.AprLifecycleListener.lifecycleEvent Cargada la biblioteca nativa APR de Apache Tomcat [2.0.6] con la versión APR [1.7.4].
17-Jan-2024 12:45:11.936 INFO [main] org.apache.catalina.core.AprLifecycleListener.initializeSSL OpenSSL inicializado correctamente [OpenSSL 3.0.11 19 Sep 2023]
17-Jan-2024 12:45:12.247 INFO [main] org.apache.coyote.AbstractProtocol.init Inicializando el manejador de protocolo ["http-nio-8080"]

17-Jan-2024 12:45:12.279 INFO [main] org.apache.catalina.startup.Catalina.load Server initialization in [709] milliseconds
17-Jan-2024 12:45:12.378 INFO [main] org.apache.catalina.core.StandardService.startInternal Arrancando servicio [Catalina]
17-Jan-2024 12:45:12.378 INFO [main] org.apache.catalina.core.StandardEngine.startInternal Starting Servlet engine: [Apache Tomcat/10.1.18]
17-Jan-2024 12:45:12.406 INFO [main] org.apache.catalina.startup.HostConfig.deployDirectory Desplegando el directorio [C:\Users\jhernandezp\Documents\jhernandezp\Curso2\JavaEE\apache-tomcat-10.1.18\webapps\docs] de la aplicación web
17-Jan-2024 12:45:12.811 INFO [main] org.apache.catalina.startup.HostConfig.deployDirectory Deployment of web application directory [C:\Users\jhernandezp\Documents\jhernandezp\Curso2\JavaEE\apache-tomcat-10.1.18\webapps\docs] has finished in [402] ms
17-Jan-2024 12:45:12.811 INFO [main] org.apache.catalina.startup.HostConfig.deployDirectory Desplegando el directorio [C:\Users\jhernandezp\Documents\jhernandezp\Curso2\JavaEE\apache-tomcat-10.1.18\webapps\examples] de la aplicación web
17-Jan-2024 12:45:13.900 INFO [main] org.apache.catalina.startup.HostConfig.deployDirectory Deployment of web application directory [C:\Users\jhernandezp\Documents\jhernandezp\Curso2\JavaEE\apache-tomcat-10.1.18\webapps\examples] has finished in [1.088] ms
17-Jan-2024 12:45:13.901 INFO [main] org.apache.catalina.startup.HostConfig.deployDirectory Desplegando el directorio [C:\Users\jhernandezp\Documents\jhernandezp\Curso2\JavaEE\apache-tomcat-10.1.18\webapps\host-manager] de la aplicación web
17-Jan-2024 12:45:13.993 INFO [main] org.apache.catalina.startup.HostConfig.deployDirectory Deployment of web application directory [C:\Users\jhernandezp\Documents\jhernandezp\Curso2\JavaEE\apache-tomcat-10.1.18\webapps\host-manager] has finished in [89] ms
17-Jan-2024 12:45:13.997 INFO [main] org.apache.catalina.startup.HostConfig.deployDirectory Desplegando el directorio [C:\Users\jhernandezp\Documents\jhernandezp\Curso2\JavaEE\apache-tomcat-10.1.18\webapps\manager] de la aplicación web
17-Jan-2024 12:45:14.068 INFO [main] org.apache.catalina.startup.HostConfig.deployDirectory Deployment of web application directory [C:\Users\jhernandezp\Documents\jhernandezp\Curso2\JavaEE\apache-tomcat-10.1.18\webapps\manager] has finished in [72] ms
17-Jan-2024 12:45:14.069 INFO [main] org.apache.catalina.startup.HostConfig.deployDirectory Desplegando el directorio [C:\Users\jhernandezp\Documents\jhernandezp\Curso2\JavaEE\apache-tomcat-10.1.18\webapps\ROOT] de la aplicación web
17-Jan-2024 12:45:14.117 INFO [main] org.apache.catalina.startup.HostConfig.deployDirectory Deployment of web application directory [C:\Users\jhernandezp\Documents\jhernandezp\Curso2\JavaEE\apache-tomcat-10.1.18\webapps\ROOT] has finished in [49] ms
17-Jan-2024 12:45:14.120 INFO [main] org.apache.coyote.AbstractProtocol.start Starting ProtocolHandler ["http-nio-8080"]
17-Jan-2024 12:45:14.181 INFO [main] org.apache.catalina.startup.Catalina.start Server startup in [1900] milliseconds
17-Jan-2024 12:47:14.647 INFO [http-nio-8080-exec-1] org.apache.catalina.startup.HostConfig.deployWAR Despliegue del archivo [C:\Users\jhernandezp\Documents\jhernandezp\Curso2\JavaEE\apache-tomcat-10.1.18\webapps\webapp.war] de la aplicación web
17-Jan-2024 12:47:14.764 INFO [http-nio-8080-exec-1] org.apache.catalina.startup.HostConfig.deployWAR Deployment of web application archive [C:\Users\jhernandezp\Documents\jhernandezp\Curso2\JavaEE\apache-tomcat-10.1.18\webapps\webapp.war] has finished in [116] ms
17-Jan-2024 12:51:20.137 INFO [http-nio-8080-exec-10] org.apache.catalina.startup.HostConfig.deployWAR Despliegue del archivo [C:\Users\jhernandezp\Documents\jhernandezp\Curso2\JavaEE\apache-tomcat-10.1.18\webapps\webapp-1.0-SNAPSHOT.war] de la aplicación web
17-Jan-2024 12:51:20.241 INFO [http-nio-8080-exec-10] org.apache.catalina.startup.HostConfig.deployWAR Deployment of web application archive [C:\Users\jhernandezp\Documents\jhernandezp\Curso2\JavaEE\apache-tomcat-10.1.18\webapps\webapp-1.0-SNAPSHOT.war] has finished in [103] ms
17-Jan-2024 12:52:40.000 INFO [Thread-1] org.apache.coyote.AbstractProtocol.pause Pausing ProtocolHandler ["http-nio-8080"]
17-Jan-2024 12:52:40.011 INFO [Thread-1] org.apache.catalina.core.StandardService.stopInternal Parando servicio [Catalina]
17-Jan-2024 12:52:40.046 INFO [Thread-1] org.apache.coyote.AbstractProtocol.stop Stopping ProtocolHandler ["http-nio-8080"]
17-Jan-2024 12:52:40.065 INFO [Thread-1] org.apache.coyote.AbstractProtocol.destroy Destroying ProtocolHandler ["http-nio-8080"]
17-Jan-2024 12:53:04.534 INFO [main] org.apache.catalina.startup.VersionLoggerListener.log Nombre de la versión del servidor: Apache Tomcat/10.1.18
17-Jan-2024 12:53:04.537 INFO [main] org.apache.catalina.startup.VersionLoggerListener.log Server built:                      Jan 5 2024 14:39:40 UTC
17-Jan-2024 12:53:04.538 INFO [main] org.apache.catalina.startup.VersionLoggerListener.log Número de versión de servidor:     10.1.18.0
17-Jan-2024 12:53:04.538 INFO [main] org.apache.catalina.startup.VersionLoggerListener.log OS Name:                           Windows 10
17-Jan-2024 12:53:04.538 INFO [main] org.apache.catalina.startup.VersionLoggerListener.log Versión de Systema Operativo:      10.0
17-Jan-2024 12:53:04.538 INFO [main] org.apache.catalina.startup.VersionLoggerListener.log Arquitectura:                      amd64
17-Jan-2024 12:53:04.539 INFO [main] org.apache.catalina.startup.VersionLoggerListener.log Java Home:                         C:\Program Files\Java\jdk-19
17-Jan-2024 12:53:04.539 INFO [main] org.apache.catalina.startup.VersionLoggerListener.log JVM Version:                       19.0.1+10-21
17-Jan-2024 12:53:04.540 INFO [main] org.apache.catalina.startup.VersionLoggerListener.log Vededor JVM:                       Oracle Corporation
17-Jan-2024 12:53:04.540 INFO [main] org.apache.catalina.startup.VersionLoggerListener.log CATALINA_BASE:                     C:\Users\jhernandezp\Documents\jhernandezp\Curso2\JavaEE\apache-tomcat-10.1.18
17-Jan-2024 12:53:04.540 INFO [main] org.apache.catalina.startup.VersionLoggerListener.log CATALINA_HOME:                     C:\Users\jhernandezp\Documents\jhernandezp\Curso2\JavaEE\apache-tomcat-10.1.18
17-Jan-2024 12:53:04.550 INFO [main] org.apache.catalina.startup.VersionLoggerListener.log Command line argument:             -Djava.util.logging.config.file=C:\Users\jhernandezp\Documents\jhernandezp\Curso2\JavaEE\apache-tomcat-10.1.18\conf\logging.properties
17-Jan-2024 12:53:04.551 INFO [main] org.apache.catalina.startup.VersionLoggerListener.log Command line argument:             -Djava.util.logging.manager=org.apache.juli.ClassLoaderLogManager
17-Jan-2024 12:53:04.552 INFO [main] org.apache.catalina.startup.VersionLoggerListener.log Command line argument:             -Djdk.tls.ephemeralDHKeySize=2048
17-Jan-2024 12:53:04.552 INFO [main] org.apache.catalina.startup.VersionLoggerListener.log Command line argument:             -Djava.protocol.handler.pkgs=org.apache.catalina.webresources
17-Jan-2024 12:53:04.552 INFO [main] org.apache.catalina.startup.VersionLoggerListener.log Command line argument:             --add-opens=java.base/java.lang=ALL-UNNAMED
17-Jan-2024 12:53:04.553 INFO [main] org.apache.catalina.startup.VersionLoggerListener.log Command line argument:             --add-opens=java.base/java.io=ALL-UNNAMED
17-Jan-2024 12:53:04.554 INFO [main] org.apache.catalina.startup.VersionLoggerListener.log Command line argument:             --add-opens=java.base/java.util=ALL-UNNAMED
17-Jan-2024 12:53:04.555 INFO [main] org.apache.catalina.startup.VersionLoggerListener.log Command line argument:             --add-opens=java.base/java.util.concurrent=ALL-UNNAMED
17-Jan-2024 12:53:04.556 INFO [main] org.apache.catalina.startup.VersionLoggerListener.log Command line argument:             --add-opens=java.rmi/sun.rmi.transport=ALL-UNNAMED
17-Jan-2024 12:53:04.556 INFO [main] org.apache.catalina.startup.VersionLoggerListener.log Command line argument:             -Dcatalina.base=C:\Users\jhernandezp\Documents\jhernandezp\Curso2\JavaEE\apache-tomcat-10.1.18
17-Jan-2024 12:53:04.557 INFO [main] org.apache.catalina.startup.VersionLoggerListener.log Command line argument:             -Dcatalina.home=C:\Users\jhernandezp\Documents\jhernandezp\Curso2\JavaEE\apache-tomcat-10.1.18
17-Jan-2024 12:53:04.557 INFO [main] org.apache.catalina.startup.VersionLoggerListener.log Command line argument:             -Djava.io.tmpdir=C:\Users\jhernandezp\Documents\jhernandezp\Curso2\JavaEE\apache-tomcat-10.1.18\temp
17-Jan-2024 12:53:04.561 INFO [main] org.apache.catalina.core.AprLifecycleListener.lifecycleEvent Cargada la biblioteca nativa APR de Apache Tomcat [2.0.6] con la versión APR [1.7.4].
17-Jan-2024 12:53:04.573 INFO [main] org.apache.catalina.core.AprLifecycleListener.initializeSSL OpenSSL inicializado correctamente [OpenSSL 3.0.11 19 Sep 2023]
17-Jan-2024 12:53:04.893 INFO [main] org.apache.coyote.AbstractProtocol.init Inicializando el manejador de protocolo ["http-nio-8080"]

17-Jan-2024 12:53:04.937 INFO [main] org.apache.catalina.startup.Catalina.load Server initialization in [647] milliseconds
17-Jan-2024 12:53:05.044 INFO [main] org.apache.catalina.core.StandardService.startInternal Arrancando servicio [Catalina]
17-Jan-2024 12:53:05.049 INFO [main] org.apache.catalina.core.StandardEngine.startInternal Starting Servlet engine: [Apache Tomcat/10.1.18]
17-Jan-2024 12:53:05.117 INFO [main] org.apache.catalina.startup.HostConfig.deployWAR Despliegue del archivo [C:\Users\jhernandezp\Documents\jhernandezp\Curso2\JavaEE\apache-tomcat-10.1.18\webapps\webapp-1.0-SNAPSHOT.war] de la aplicación web
17-Jan-2024 12:53:05.747 INFO [main] org.apache.catalina.startup.HostConfig.deployWAR Deployment of web application archive [C:\Users\jhernandezp\Documents\jhernandezp\Curso2\JavaEE\apache-tomcat-10.1.18\webapps\webapp-1.0-SNAPSHOT.war] has finished in [628] ms
17-Jan-2024 12:53:05.750 INFO [main] org.apache.catalina.startup.HostConfig.deployWAR Despliegue del archivo [C:\Users\jhernandezp\Documents\jhernandezp\Curso2\JavaEE\apache-tomcat-10.1.18\webapps\webapp.war] de la aplicación web
17-Jan-2024 12:53:05.818 INFO [main] org.apache.catalina.startup.HostConfig.deployWAR Deployment of web application archive [C:\Users\jhernandezp\Documents\jhernandezp\Curso2\JavaEE\apache-tomcat-10.1.18\webapps\webapp.war] has finished in [68] ms
17-Jan-2024 12:53:05.819 INFO [main] org.apache.catalina.startup.HostConfig.deployDirectory Desplegando el directorio [C:\Users\jhernandezp\Documents\jhernandezp\Curso2\JavaEE\apache-tomcat-10.1.18\webapps\docs] de la aplicación web
17-Jan-2024 12:53:05.872 INFO [main] org.apache.catalina.startup.HostConfig.deployDirectory Deployment of web application directory [C:\Users\jhernandezp\Documents\jhernandezp\Curso2\JavaEE\apache-tomcat-10.1.18\webapps\docs] has finished in [53] ms
17-Jan-2024 12:53:05.872 INFO [main] org.apache.catalina.startup.HostConfig.deployDirectory Desplegando el directorio [C:\Users\jhernandezp\Documents\jhernandezp\Curso2\JavaEE\apache-tomcat-10.1.18\webapps\examples] de la aplicación web
17-Jan-2024 12:53:06.551 INFO [main] org.apache.catalina.startup.HostConfig.deployDirectory Deployment of web application directory [C:\Users\jhernandezp\Documents\jhernandezp\Curso2\JavaEE\apache-tomcat-10.1.18\webapps\examples] has finished in [679] ms
17-Jan-2024 12:53:06.552 INFO [main] org.apache.catalina.startup.HostConfig.deployDirectory Desplegando el directorio [C:\Users\jhernandezp\Documents\jhernandezp\Curso2\JavaEE\apache-tomcat-10.1.18\webapps\host-manager] de la aplicación web
17-Jan-2024 12:53:06.608 INFO [main] org.apache.catalina.startup.HostConfig.deployDirectory Deployment of web application directory [C:\Users\jhernandezp\Documents\jhernandezp\Curso2\JavaEE\apache-tomcat-10.1.18\webapps\host-manager] has finished in [56] ms
17-Jan-2024 12:53:06.609 INFO [main] org.apache.catalina.startup.HostConfig.deployDirectory Desplegando el directorio [C:\Users\jhernandezp\Documents\jhernandezp\Curso2\JavaEE\apache-tomcat-10.1.18\webapps\manager] de la aplicación web
17-Jan-2024 12:53:06.673 INFO [main] org.apache.catalina.startup.HostConfig.deployDirectory Deployment of web application directory [C:\Users\jhernandezp\Documents\jhernandezp\Curso2\JavaEE\apache-tomcat-10.1.18\webapps\manager] has finished in [64] ms
17-Jan-2024 12:53:06.673 INFO [main] org.apache.catalina.startup.HostConfig.deployDirectory Desplegando el directorio [C:\Users\jhernandezp\Documents\jhernandezp\Curso2\JavaEE\apache-tomcat-10.1.18\webapps\ROOT] de la aplicación web
17-Jan-2024 12:53:06.712 INFO [main] org.apache.catalina.startup.HostConfig.deployDirectory Deployment of web application directory [C:\Users\jhernandezp\Documents\jhernandezp\Curso2\JavaEE\apache-tomcat-10.1.18\webapps\ROOT] has finished in [39] ms
17-Jan-2024 12:53:06.717 INFO [main] org.apache.coyote.AbstractProtocol.start Starting ProtocolHandler ["http-nio-8080"]
17-Jan-2024 12:53:06.781 INFO [main] org.apache.catalina.startup.Catalina.start Server startup in [1839] milliseconds
