30-Jan-2024 10:48:15.589 INFO [main] org.apache.catalina.startup.VersionLoggerListener.log Nombre de la versión del servidor: Apache Tomcat/10.1.18
30-Jan-2024 10:48:15.593 INFO [main] org.apache.catalina.startup.VersionLoggerListener.log Server built:                      Jan 5 2024 14:39:40 UTC
30-Jan-2024 10:48:15.596 INFO [main] org.apache.catalina.startup.VersionLoggerListener.log Número de versión de servidor:     10.1.18.0
30-Jan-2024 10:48:15.596 INFO [main] org.apache.catalina.startup.VersionLoggerListener.log OS Name:                           Windows 10
30-Jan-2024 10:48:15.596 INFO [main] org.apache.catalina.startup.VersionLoggerListener.log Versión de Systema Operativo:      10.0
30-Jan-2024 10:48:15.596 INFO [main] org.apache.catalina.startup.VersionLoggerListener.log Arquitectura:                      amd64
30-Jan-2024 10:48:15.596 INFO [main] org.apache.catalina.startup.VersionLoggerListener.log Java Home:                         C:\Program Files\Java\jdk-19
30-Jan-2024 10:48:15.597 INFO [main] org.apache.catalina.startup.VersionLoggerListener.log JVM Version:                       19.0.1+10-21
30-Jan-2024 10:48:15.597 INFO [main] org.apache.catalina.startup.VersionLoggerListener.log Vededor JVM:                       Oracle Corporation
30-Jan-2024 10:48:15.598 INFO [main] org.apache.catalina.startup.VersionLoggerListener.log CATALINA_BASE:                     C:\Users\jhernandezp\Documents\jhernandezp\Curso2\JavaEE\apache-tomcat-10.1.18
30-Jan-2024 10:48:15.599 INFO [main] org.apache.catalina.startup.VersionLoggerListener.log CATALINA_HOME:                     C:\Users\jhernandezp\Documents\jhernandezp\Curso2\JavaEE\apache-tomcat-10.1.18
30-Jan-2024 10:48:15.659 INFO [main] org.apache.catalina.startup.VersionLoggerListener.log Command line argument:             -Djava.util.logging.config.file=C:\Users\jhernandezp\Documents\jhernandezp\Curso2\JavaEE\apache-tomcat-10.1.18\conf\logging.properties
30-Jan-2024 10:48:15.659 INFO [main] org.apache.catalina.startup.VersionLoggerListener.log Command line argument:             -Djava.util.logging.manager=org.apache.juli.ClassLoaderLogManager
30-Jan-2024 10:48:15.660 INFO [main] org.apache.catalina.startup.VersionLoggerListener.log Command line argument:             -Djdk.tls.ephemeralDHKeySize=2048
30-Jan-2024 10:48:15.660 INFO [main] org.apache.catalina.startup.VersionLoggerListener.log Command line argument:             -Djava.protocol.handler.pkgs=org.apache.catalina.webresources
30-Jan-2024 10:48:15.660 INFO [main] org.apache.catalina.startup.VersionLoggerListener.log Command line argument:             --add-opens=java.base/java.lang=ALL-UNNAMED
30-Jan-2024 10:48:15.661 INFO [main] org.apache.catalina.startup.VersionLoggerListener.log Command line argument:             --add-opens=java.base/java.io=ALL-UNNAMED
30-Jan-2024 10:48:15.661 INFO [main] org.apache.catalina.startup.VersionLoggerListener.log Command line argument:             --add-opens=java.base/java.util=ALL-UNNAMED
30-Jan-2024 10:48:15.661 INFO [main] org.apache.catalina.startup.VersionLoggerListener.log Command line argument:             --add-opens=java.base/java.util.concurrent=ALL-UNNAMED
30-Jan-2024 10:48:15.662 INFO [main] org.apache.catalina.startup.VersionLoggerListener.log Command line argument:             --add-opens=java.rmi/sun.rmi.transport=ALL-UNNAMED
30-Jan-2024 10:48:15.662 INFO [main] org.apache.catalina.startup.VersionLoggerListener.log Command line argument:             -Dcatalina.base=C:\Users\jhernandezp\Documents\jhernandezp\Curso2\JavaEE\apache-tomcat-10.1.18
30-Jan-2024 10:48:15.663 INFO [main] org.apache.catalina.startup.VersionLoggerListener.log Command line argument:             -Dcatalina.home=C:\Users\jhernandezp\Documents\jhernandezp\Curso2\JavaEE\apache-tomcat-10.1.18
30-Jan-2024 10:48:15.664 INFO [main] org.apache.catalina.startup.VersionLoggerListener.log Command line argument:             -Djava.io.tmpdir=C:\Users\jhernandezp\Documents\jhernandezp\Curso2\JavaEE\apache-tomcat-10.1.18\temp
30-Jan-2024 10:48:15.693 INFO [main] org.apache.catalina.core.AprLifecycleListener.lifecycleEvent Cargada la biblioteca nativa APR de Apache Tomcat [2.0.6] con la versión APR [1.7.4].
30-Jan-2024 10:48:15.723 INFO [main] org.apache.catalina.core.AprLifecycleListener.initializeSSL OpenSSL inicializado correctamente [OpenSSL 3.0.11 19 Sep 2023]
30-Jan-2024 10:48:16.037 INFO [main] org.apache.coyote.AbstractProtocol.init Inicializando el manejador de protocolo ["http-nio-8080"]

30-Jan-2024 10:48:16.068 INFO [main] org.apache.catalina.startup.Catalina.load Server initialization in [746] milliseconds
30-Jan-2024 10:48:16.137 INFO [main] org.apache.catalina.core.StandardService.startInternal Arrancando servicio [Catalina]
30-Jan-2024 10:48:16.139 INFO [main] org.apache.catalina.core.StandardEngine.startInternal Starting Servlet engine: [Apache Tomcat/10.1.18]
30-Jan-2024 10:48:16.187 INFO [main] org.apache.catalina.startup.HostConfig.deployWAR Despliegue del archivo [C:\Users\jhernandezp\Documents\jhernandezp\Curso2\JavaEE\apache-tomcat-10.1.18\webapps\webapp-1.0-SNAPSHOT.war] de la aplicación web
30-Jan-2024 10:48:16.640 INFO [main] org.apache.catalina.startup.HostConfig.deployWAR Deployment of web application archive [C:\Users\jhernandezp\Documents\jhernandezp\Curso2\JavaEE\apache-tomcat-10.1.18\webapps\webapp-1.0-SNAPSHOT.war] has finished in [449] ms
30-Jan-2024 10:48:16.652 INFO [main] org.apache.catalina.startup.HostConfig.deployWAR Despliegue del archivo [C:\Users\jhernandezp\Documents\jhernandezp\Curso2\JavaEE\apache-tomcat-10.1.18\webapps\webapp.war] de la aplicación web
30-Jan-2024 10:48:16.732 INFO [main] org.apache.catalina.startup.HostConfig.deployWAR Deployment of web application archive [C:\Users\jhernandezp\Documents\jhernandezp\Curso2\JavaEE\apache-tomcat-10.1.18\webapps\webapp.war] has finished in [80] ms
30-Jan-2024 10:48:16.733 INFO [main] org.apache.catalina.startup.HostConfig.deployDirectory Desplegando el directorio [C:\Users\jhernandezp\Documents\jhernandezp\Curso2\JavaEE\apache-tomcat-10.1.18\webapps\docs] de la aplicación web
30-Jan-2024 10:48:16.807 INFO [main] org.apache.catalina.startup.HostConfig.deployDirectory Deployment of web application directory [C:\Users\jhernandezp\Documents\jhernandezp\Curso2\JavaEE\apache-tomcat-10.1.18\webapps\docs] has finished in [74] ms
30-Jan-2024 10:48:16.807 INFO [main] org.apache.catalina.startup.HostConfig.deployDirectory Desplegando el directorio [C:\Users\jhernandezp\Documents\jhernandezp\Curso2\JavaEE\apache-tomcat-10.1.18\webapps\examples] de la aplicación web
30-Jan-2024 10:48:17.833 INFO [main] org.apache.catalina.startup.HostConfig.deployDirectory Deployment of web application directory [C:\Users\jhernandezp\Documents\jhernandezp\Curso2\JavaEE\apache-tomcat-10.1.18\webapps\examples] has finished in [1.026] ms
30-Jan-2024 10:48:17.841 INFO [main] org.apache.catalina.startup.HostConfig.deployDirectory Desplegando el directorio [C:\Users\jhernandezp\Documents\jhernandezp\Curso2\JavaEE\apache-tomcat-10.1.18\webapps\host-manager] de la aplicación web
30-Jan-2024 10:48:17.939 INFO [main] org.apache.catalina.startup.HostConfig.deployDirectory Deployment of web application directory [C:\Users\jhernandezp\Documents\jhernandezp\Curso2\JavaEE\apache-tomcat-10.1.18\webapps\host-manager] has finished in [97] ms
30-Jan-2024 10:48:17.943 INFO [main] org.apache.catalina.startup.HostConfig.deployDirectory Desplegando el directorio [C:\Users\jhernandezp\Documents\jhernandezp\Curso2\JavaEE\apache-tomcat-10.1.18\webapps\manager] de la aplicación web
30-Jan-2024 10:48:18.060 INFO [main] org.apache.catalina.startup.HostConfig.deployDirectory Deployment of web application directory [C:\Users\jhernandezp\Documents\jhernandezp\Curso2\JavaEE\apache-tomcat-10.1.18\webapps\manager] has finished in [117] ms
30-Jan-2024 10:48:18.062 INFO [main] org.apache.catalina.startup.HostConfig.deployDirectory Desplegando el directorio [C:\Users\jhernandezp\Documents\jhernandezp\Curso2\JavaEE\apache-tomcat-10.1.18\webapps\ROOT] de la aplicación web
30-Jan-2024 10:48:18.113 INFO [main] org.apache.catalina.startup.HostConfig.deployDirectory Deployment of web application directory [C:\Users\jhernandezp\Documents\jhernandezp\Curso2\JavaEE\apache-tomcat-10.1.18\webapps\ROOT] has finished in [52] ms
30-Jan-2024 10:48:18.127 INFO [main] org.apache.coyote.AbstractProtocol.start Starting ProtocolHandler ["http-nio-8080"]
30-Jan-2024 10:48:18.204 INFO [main] org.apache.catalina.startup.Catalina.start Server startup in [2133] milliseconds
30-Jan-2024 10:48:49.962 INFO [http-nio-8080-exec-2] org.apache.catalina.startup.HostConfig.undeploy Repliegue (undeploy) de la aplicación web que tiene como trayectoria de contexto [/webapp]
30-Jan-2024 10:48:50.042 INFO [http-nio-8080-exec-2] org.apache.catalina.startup.HostConfig.deployWAR Despliegue del archivo [C:\Users\jhernandezp\Documents\jhernandezp\Curso2\JavaEE\apache-tomcat-10.1.18\webapps\webapp.war] de la aplicación web
30-Jan-2024 10:48:50.149 INFO [http-nio-8080-exec-2] org.apache.catalina.startup.HostConfig.deployWAR Deployment of web application archive [C:\Users\jhernandezp\Documents\jhernandezp\Curso2\JavaEE\apache-tomcat-10.1.18\webapps\webapp.war] has finished in [106] ms
30-Jan-2024 10:50:09.301 INFO [http-nio-8080-exec-6] org.apache.catalina.startup.HostConfig.undeploy Repliegue (undeploy) de la aplicación web que tiene como trayectoria de contexto [/webapp]
30-Jan-2024 10:50:09.325 INFO [http-nio-8080-exec-6] org.apache.catalina.startup.HostConfig.deployWAR Despliegue del archivo [C:\Users\jhernandezp\Documents\jhernandezp\Curso2\JavaEE\apache-tomcat-10.1.18\webapps\webapp.war] de la aplicación web
30-Jan-2024 10:50:09.417 INFO [http-nio-8080-exec-6] org.apache.catalina.startup.HostConfig.deployWAR Deployment of web application archive [C:\Users\jhernandezp\Documents\jhernandezp\Curso2\JavaEE\apache-tomcat-10.1.18\webapps\webapp.war] has finished in [92] ms
30-Jan-2024 10:51:12.709 INFO [http-nio-8080-exec-18] org.apache.catalina.startup.HostConfig.undeploy Repliegue (undeploy) de la aplicación web que tiene como trayectoria de contexto [/webapp]
30-Jan-2024 10:51:12.762 INFO [http-nio-8080-exec-18] org.apache.catalina.startup.HostConfig.deployWAR Despliegue del archivo [C:\Users\jhernandezp\Documents\jhernandezp\Curso2\JavaEE\apache-tomcat-10.1.18\webapps\webapp.war] de la aplicación web
30-Jan-2024 10:51:12.938 INFO [http-nio-8080-exec-18] org.apache.catalina.startup.HostConfig.deployWAR Deployment of web application archive [C:\Users\jhernandezp\Documents\jhernandezp\Curso2\JavaEE\apache-tomcat-10.1.18\webapps\webapp.war] has finished in [176] ms
30-Jan-2024 11:20:41.937 INFO [main] org.apache.catalina.core.StandardServer.await Se ha recibido un comando de apagado a través del puerto de apagado. Parando la instancia del Servidor.
30-Jan-2024 11:20:41.937 INFO [main] org.apache.coyote.AbstractProtocol.pause Pausing ProtocolHandler ["http-nio-8080"]
30-Jan-2024 11:20:41.949 INFO [main] org.apache.catalina.core.StandardService.stopInternal Parando servicio [Catalina]
30-Jan-2024 11:20:41.970 INFO [main] org.apache.coyote.AbstractProtocol.stop Stopping ProtocolHandler ["http-nio-8080"]
30-Jan-2024 11:20:41.984 INFO [main] org.apache.coyote.AbstractProtocol.destroy Destroying ProtocolHandler ["http-nio-8080"]
30-Jan-2024 11:43:26.080 INFO [main] org.apache.catalina.startup.VersionLoggerListener.log Nombre de la versión del servidor: Apache Tomcat/10.1.18
30-Jan-2024 11:43:26.090 INFO [main] org.apache.catalina.startup.VersionLoggerListener.log Server built:                      Jan 5 2024 14:39:40 UTC
30-Jan-2024 11:43:26.091 INFO [main] org.apache.catalina.startup.VersionLoggerListener.log Número de versión de servidor:     10.1.18.0
30-Jan-2024 11:43:26.092 INFO [main] org.apache.catalina.startup.VersionLoggerListener.log OS Name:                           Windows 10
30-Jan-2024 11:43:26.093 INFO [main] org.apache.catalina.startup.VersionLoggerListener.log Versión de Systema Operativo:      10.0
30-Jan-2024 11:43:26.094 INFO [main] org.apache.catalina.startup.VersionLoggerListener.log Arquitectura:                      amd64
30-Jan-2024 11:43:26.094 INFO [main] org.apache.catalina.startup.VersionLoggerListener.log Java Home:                         C:\Program Files\Java\jdk-19
30-Jan-2024 11:43:26.094 INFO [main] org.apache.catalina.startup.VersionLoggerListener.log JVM Version:                       19.0.1+10-21
30-Jan-2024 11:43:26.094 INFO [main] org.apache.catalina.startup.VersionLoggerListener.log Vededor JVM:                       Oracle Corporation
30-Jan-2024 11:43:26.096 INFO [main] org.apache.catalina.startup.VersionLoggerListener.log CATALINA_BASE:                     C:\Users\jhernandezp\Documents\jhernandezp\Curso2\JavaEE\apache-tomcat-10.1.18
30-Jan-2024 11:43:26.097 INFO [main] org.apache.catalina.startup.VersionLoggerListener.log CATALINA_HOME:                     C:\Users\jhernandezp\Documents\jhernandezp\Curso2\JavaEE\apache-tomcat-10.1.18
30-Jan-2024 11:43:26.111 INFO [main] org.apache.catalina.startup.VersionLoggerListener.log Command line argument:             -Djava.util.logging.config.file=C:\Users\jhernandezp\Documents\jhernandezp\Curso2\JavaEE\apache-tomcat-10.1.18\conf\logging.properties
30-Jan-2024 11:43:26.127 INFO [main] org.apache.catalina.startup.VersionLoggerListener.log Command line argument:             -Djava.util.logging.manager=org.apache.juli.ClassLoaderLogManager
30-Jan-2024 11:43:26.133 INFO [main] org.apache.catalina.startup.VersionLoggerListener.log Command line argument:             -Djdk.tls.ephemeralDHKeySize=2048
30-Jan-2024 11:43:26.137 INFO [main] org.apache.catalina.startup.VersionLoggerListener.log Command line argument:             -Djava.protocol.handler.pkgs=org.apache.catalina.webresources
30-Jan-2024 11:43:26.141 INFO [main] org.apache.catalina.startup.VersionLoggerListener.log Command line argument:             --add-opens=java.base/java.lang=ALL-UNNAMED
30-Jan-2024 11:43:26.142 INFO [main] org.apache.catalina.startup.VersionLoggerListener.log Command line argument:             --add-opens=java.base/java.io=ALL-UNNAMED
30-Jan-2024 11:43:26.144 INFO [main] org.apache.catalina.startup.VersionLoggerListener.log Command line argument:             --add-opens=java.base/java.util=ALL-UNNAMED
30-Jan-2024 11:43:26.145 INFO [main] org.apache.catalina.startup.VersionLoggerListener.log Command line argument:             --add-opens=java.base/java.util.concurrent=ALL-UNNAMED
30-Jan-2024 11:43:26.147 INFO [main] org.apache.catalina.startup.VersionLoggerListener.log Command line argument:             --add-opens=java.rmi/sun.rmi.transport=ALL-UNNAMED
30-Jan-2024 11:43:26.148 INFO [main] org.apache.catalina.startup.VersionLoggerListener.log Command line argument:             -Dcatalina.base=C:\Users\jhernandezp\Documents\jhernandezp\Curso2\JavaEE\apache-tomcat-10.1.18
30-Jan-2024 11:43:26.148 INFO [main] org.apache.catalina.startup.VersionLoggerListener.log Command line argument:             -Dcatalina.home=C:\Users\jhernandezp\Documents\jhernandezp\Curso2\JavaEE\apache-tomcat-10.1.18
30-Jan-2024 11:43:26.149 INFO [main] org.apache.catalina.startup.VersionLoggerListener.log Command line argument:             -Djava.io.tmpdir=C:\Users\jhernandezp\Documents\jhernandezp\Curso2\JavaEE\apache-tomcat-10.1.18\temp
30-Jan-2024 11:43:26.156 INFO [main] org.apache.catalina.core.AprLifecycleListener.lifecycleEvent Cargada la biblioteca nativa APR de Apache Tomcat [2.0.6] con la versión APR [1.7.4].
30-Jan-2024 11:43:26.164 INFO [main] org.apache.catalina.core.AprLifecycleListener.initializeSSL OpenSSL inicializado correctamente [OpenSSL 3.0.11 19 Sep 2023]
30-Jan-2024 11:43:26.451 INFO [main] org.apache.coyote.AbstractProtocol.init Inicializando el manejador de protocolo ["http-nio-8080"]

30-Jan-2024 11:43:26.478 INFO [main] org.apache.catalina.startup.Catalina.load Server initialization in [632] milliseconds
30-Jan-2024 11:43:26.547 INFO [main] org.apache.catalina.core.StandardService.startInternal Arrancando servicio [Catalina]
30-Jan-2024 11:43:26.548 INFO [main] org.apache.catalina.core.StandardEngine.startInternal Starting Servlet engine: [Apache Tomcat/10.1.18]
30-Jan-2024 11:43:26.584 INFO [main] org.apache.catalina.startup.HostConfig.deployWAR Despliegue del archivo [C:\Users\jhernandezp\Documents\jhernandezp\Curso2\JavaEE\apache-tomcat-10.1.18\webapps\webapp-1.0-SNAPSHOT.war] de la aplicación web
30-Jan-2024 11:43:27.025 INFO [main] org.apache.catalina.startup.HostConfig.deployWAR Deployment of web application archive [C:\Users\jhernandezp\Documents\jhernandezp\Curso2\JavaEE\apache-tomcat-10.1.18\webapps\webapp-1.0-SNAPSHOT.war] has finished in [435] ms
30-Jan-2024 11:43:27.030 INFO [main] org.apache.catalina.startup.HostConfig.deployWAR Despliegue del archivo [C:\Users\jhernandezp\Documents\jhernandezp\Curso2\JavaEE\apache-tomcat-10.1.18\webapps\webapp.war] de la aplicación web
30-Jan-2024 11:43:27.121 INFO [main] org.apache.catalina.startup.HostConfig.deployWAR Deployment of web application archive [C:\Users\jhernandezp\Documents\jhernandezp\Curso2\JavaEE\apache-tomcat-10.1.18\webapps\webapp.war] has finished in [90] ms
30-Jan-2024 11:43:27.124 INFO [main] org.apache.catalina.startup.HostConfig.deployDirectory Desplegando el directorio [C:\Users\jhernandezp\Documents\jhernandezp\Curso2\JavaEE\apache-tomcat-10.1.18\webapps\docs] de la aplicación web
30-Jan-2024 11:43:27.173 INFO [main] org.apache.catalina.startup.HostConfig.deployDirectory Deployment of web application directory [C:\Users\jhernandezp\Documents\jhernandezp\Curso2\JavaEE\apache-tomcat-10.1.18\webapps\docs] has finished in [48] ms
30-Jan-2024 11:43:27.173 INFO [main] org.apache.catalina.startup.HostConfig.deployDirectory Desplegando el directorio [C:\Users\jhernandezp\Documents\jhernandezp\Curso2\JavaEE\apache-tomcat-10.1.18\webapps\examples] de la aplicación web
30-Jan-2024 11:43:27.927 INFO [main] org.apache.catalina.startup.HostConfig.deployDirectory Deployment of web application directory [C:\Users\jhernandezp\Documents\jhernandezp\Curso2\JavaEE\apache-tomcat-10.1.18\webapps\examples] has finished in [754] ms
30-Jan-2024 11:43:27.927 INFO [main] org.apache.catalina.startup.HostConfig.deployDirectory Desplegando el directorio [C:\Users\jhernandezp\Documents\jhernandezp\Curso2\JavaEE\apache-tomcat-10.1.18\webapps\host-manager] de la aplicación web
30-Jan-2024 11:43:27.987 INFO [main] org.apache.catalina.startup.HostConfig.deployDirectory Deployment of web application directory [C:\Users\jhernandezp\Documents\jhernandezp\Curso2\JavaEE\apache-tomcat-10.1.18\webapps\host-manager] has finished in [60] ms
30-Jan-2024 11:43:27.989 INFO [main] org.apache.catalina.startup.HostConfig.deployDirectory Desplegando el directorio [C:\Users\jhernandezp\Documents\jhernandezp\Curso2\JavaEE\apache-tomcat-10.1.18\webapps\manager] de la aplicación web
30-Jan-2024 11:43:28.057 INFO [main] org.apache.catalina.startup.HostConfig.deployDirectory Deployment of web application directory [C:\Users\jhernandezp\Documents\jhernandezp\Curso2\JavaEE\apache-tomcat-10.1.18\webapps\manager] has finished in [68] ms
30-Jan-2024 11:43:28.064 INFO [main] org.apache.catalina.startup.HostConfig.deployDirectory Desplegando el directorio [C:\Users\jhernandezp\Documents\jhernandezp\Curso2\JavaEE\apache-tomcat-10.1.18\webapps\ROOT] de la aplicación web
30-Jan-2024 11:43:28.110 INFO [main] org.apache.catalina.startup.HostConfig.deployDirectory Deployment of web application directory [C:\Users\jhernandezp\Documents\jhernandezp\Curso2\JavaEE\apache-tomcat-10.1.18\webapps\ROOT] has finished in [46] ms
30-Jan-2024 11:43:28.114 INFO [main] org.apache.coyote.AbstractProtocol.start Starting ProtocolHandler ["http-nio-8080"]
30-Jan-2024 11:43:28.196 INFO [main] org.apache.catalina.startup.Catalina.start Server startup in [1715] milliseconds
30-Jan-2024 11:43:35.211 INFO [http-nio-8080-exec-1] org.apache.catalina.startup.HostConfig.undeploy Repliegue (undeploy) de la aplicación web que tiene como trayectoria de contexto [/webapp]
30-Jan-2024 11:43:35.251 INFO [http-nio-8080-exec-1] org.apache.catalina.startup.HostConfig.deployWAR Despliegue del archivo [C:\Users\jhernandezp\Documents\jhernandezp\Curso2\JavaEE\apache-tomcat-10.1.18\webapps\webapp.war] de la aplicación web
30-Jan-2024 11:43:35.363 INFO [http-nio-8080-exec-1] org.apache.catalina.startup.HostConfig.deployWAR Deployment of web application archive [C:\Users\jhernandezp\Documents\jhernandezp\Curso2\JavaEE\apache-tomcat-10.1.18\webapps\webapp.war] has finished in [113] ms
30-Jan-2024 14:08:28.630 INFO [main] org.apache.catalina.core.StandardServer.await Se ha recibido un comando de apagado a través del puerto de apagado. Parando la instancia del Servidor.
30-Jan-2024 14:08:28.634 INFO [main] org.apache.coyote.AbstractProtocol.pause Pausing ProtocolHandler ["http-nio-8080"]
30-Jan-2024 14:08:28.660 INFO [main] org.apache.catalina.core.StandardService.stopInternal Parando servicio [Catalina]
30-Jan-2024 14:08:28.706 INFO [main] org.apache.coyote.AbstractProtocol.stop Stopping ProtocolHandler ["http-nio-8080"]
30-Jan-2024 14:08:28.722 INFO [main] org.apache.coyote.AbstractProtocol.destroy Destroying ProtocolHandler ["http-nio-8080"]
30-Jan-2024 14:17:58.077 INFO [main] org.apache.catalina.startup.VersionLoggerListener.log Nombre de la versión del servidor: Apache Tomcat/10.1.18
30-Jan-2024 14:17:58.083 INFO [main] org.apache.catalina.startup.VersionLoggerListener.log Server built:                      Jan 5 2024 14:39:40 UTC
30-Jan-2024 14:17:58.084 INFO [main] org.apache.catalina.startup.VersionLoggerListener.log Número de versión de servidor:     10.1.18.0
30-Jan-2024 14:17:58.084 INFO [main] org.apache.catalina.startup.VersionLoggerListener.log OS Name:                           Windows 10
30-Jan-2024 14:17:58.084 INFO [main] org.apache.catalina.startup.VersionLoggerListener.log Versión de Systema Operativo:      10.0
30-Jan-2024 14:17:58.084 INFO [main] org.apache.catalina.startup.VersionLoggerListener.log Arquitectura:                      amd64
30-Jan-2024 14:17:58.084 INFO [main] org.apache.catalina.startup.VersionLoggerListener.log Java Home:                         C:\Program Files\Java\jdk-19
30-Jan-2024 14:17:58.084 INFO [main] org.apache.catalina.startup.VersionLoggerListener.log JVM Version:                       19.0.1+10-21
30-Jan-2024 14:17:58.084 INFO [main] org.apache.catalina.startup.VersionLoggerListener.log Vededor JVM:                       Oracle Corporation
30-Jan-2024 14:17:58.085 INFO [main] org.apache.catalina.startup.VersionLoggerListener.log CATALINA_BASE:                     C:\Users\jhernandezp\Documents\jhernandezp\Curso2\JavaEE\apache-tomcat-10.1.18
30-Jan-2024 14:17:58.085 INFO [main] org.apache.catalina.startup.VersionLoggerListener.log CATALINA_HOME:                     C:\Users\jhernandezp\Documents\jhernandezp\Curso2\JavaEE\apache-tomcat-10.1.18
30-Jan-2024 14:17:58.114 INFO [main] org.apache.catalina.startup.VersionLoggerListener.log Command line argument:             -Djava.util.logging.config.file=C:\Users\jhernandezp\Documents\jhernandezp\Curso2\JavaEE\apache-tomcat-10.1.18\conf\logging.properties
30-Jan-2024 14:17:58.116 INFO [main] org.apache.catalina.startup.VersionLoggerListener.log Command line argument:             -Djava.util.logging.manager=org.apache.juli.ClassLoaderLogManager
30-Jan-2024 14:17:58.118 INFO [main] org.apache.catalina.startup.VersionLoggerListener.log Command line argument:             -Djdk.tls.ephemeralDHKeySize=2048
30-Jan-2024 14:17:58.123 INFO [main] org.apache.catalina.startup.VersionLoggerListener.log Command line argument:             -Djava.protocol.handler.pkgs=org.apache.catalina.webresources
30-Jan-2024 14:17:58.125 INFO [main] org.apache.catalina.startup.VersionLoggerListener.log Command line argument:             --add-opens=java.base/java.lang=ALL-UNNAMED
30-Jan-2024 14:17:58.125 INFO [main] org.apache.catalina.startup.VersionLoggerListener.log Command line argument:             --add-opens=java.base/java.io=ALL-UNNAMED
30-Jan-2024 14:17:58.126 INFO [main] org.apache.catalina.startup.VersionLoggerListener.log Command line argument:             --add-opens=java.base/java.util=ALL-UNNAMED
30-Jan-2024 14:17:58.126 INFO [main] org.apache.catalina.startup.VersionLoggerListener.log Command line argument:             --add-opens=java.base/java.util.concurrent=ALL-UNNAMED
30-Jan-2024 14:17:58.127 INFO [main] org.apache.catalina.startup.VersionLoggerListener.log Command line argument:             --add-opens=java.rmi/sun.rmi.transport=ALL-UNNAMED
30-Jan-2024 14:17:58.128 INFO [main] org.apache.catalina.startup.VersionLoggerListener.log Command line argument:             -Dcatalina.base=C:\Users\jhernandezp\Documents\jhernandezp\Curso2\JavaEE\apache-tomcat-10.1.18
30-Jan-2024 14:17:58.128 INFO [main] org.apache.catalina.startup.VersionLoggerListener.log Command line argument:             -Dcatalina.home=C:\Users\jhernandezp\Documents\jhernandezp\Curso2\JavaEE\apache-tomcat-10.1.18
30-Jan-2024 14:17:58.129 INFO [main] org.apache.catalina.startup.VersionLoggerListener.log Command line argument:             -Djava.io.tmpdir=C:\Users\jhernandezp\Documents\jhernandezp\Curso2\JavaEE\apache-tomcat-10.1.18\temp
30-Jan-2024 14:17:58.135 INFO [main] org.apache.catalina.core.AprLifecycleListener.lifecycleEvent Cargada la biblioteca nativa APR de Apache Tomcat [2.0.6] con la versión APR [1.7.4].
30-Jan-2024 14:17:58.143 INFO [main] org.apache.catalina.core.AprLifecycleListener.initializeSSL OpenSSL inicializado correctamente [OpenSSL 3.0.11 19 Sep 2023]
30-Jan-2024 14:17:58.495 INFO [main] org.apache.coyote.AbstractProtocol.init Inicializando el manejador de protocolo ["http-nio-8080"]

30-Jan-2024 14:17:58.517 INFO [main] org.apache.catalina.startup.Catalina.load Server initialization in [687] milliseconds
30-Jan-2024 14:17:58.584 INFO [main] org.apache.catalina.core.StandardService.startInternal Arrancando servicio [Catalina]
30-Jan-2024 14:17:58.585 INFO [main] org.apache.catalina.core.StandardEngine.startInternal Starting Servlet engine: [Apache Tomcat/10.1.18]
30-Jan-2024 14:17:58.626 INFO [main] org.apache.catalina.startup.HostConfig.deployWAR Despliegue del archivo [C:\Users\jhernandezp\Documents\jhernandezp\Curso2\JavaEE\apache-tomcat-10.1.18\webapps\webapp-1.0-SNAPSHOT.war] de la aplicación web
30-Jan-2024 14:17:59.081 INFO [main] org.apache.catalina.startup.HostConfig.deployWAR Deployment of web application archive [C:\Users\jhernandezp\Documents\jhernandezp\Curso2\JavaEE\apache-tomcat-10.1.18\webapps\webapp-1.0-SNAPSHOT.war] has finished in [453] ms
30-Jan-2024 14:17:59.084 INFO [main] org.apache.catalina.startup.HostConfig.deployWAR Despliegue del archivo [C:\Users\jhernandezp\Documents\jhernandezp\Curso2\JavaEE\apache-tomcat-10.1.18\webapps\webapp.war] de la aplicación web
30-Jan-2024 14:17:59.179 INFO [main] org.apache.catalina.startup.HostConfig.deployWAR Deployment of web application archive [C:\Users\jhernandezp\Documents\jhernandezp\Curso2\JavaEE\apache-tomcat-10.1.18\webapps\webapp.war] has finished in [95] ms
30-Jan-2024 14:17:59.180 INFO [main] org.apache.catalina.startup.HostConfig.deployDirectory Desplegando el directorio [C:\Users\jhernandezp\Documents\jhernandezp\Curso2\JavaEE\apache-tomcat-10.1.18\webapps\docs] de la aplicación web
30-Jan-2024 14:17:59.228 INFO [main] org.apache.catalina.startup.HostConfig.deployDirectory Deployment of web application directory [C:\Users\jhernandezp\Documents\jhernandezp\Curso2\JavaEE\apache-tomcat-10.1.18\webapps\docs] has finished in [48] ms
30-Jan-2024 14:17:59.230 INFO [main] org.apache.catalina.startup.HostConfig.deployDirectory Desplegando el directorio [C:\Users\jhernandezp\Documents\jhernandezp\Curso2\JavaEE\apache-tomcat-10.1.18\webapps\examples] de la aplicación web
30-Jan-2024 14:17:59.948 INFO [main] org.apache.catalina.startup.HostConfig.deployDirectory Deployment of web application directory [C:\Users\jhernandezp\Documents\jhernandezp\Curso2\JavaEE\apache-tomcat-10.1.18\webapps\examples] has finished in [719] ms
30-Jan-2024 14:17:59.948 INFO [main] org.apache.catalina.startup.HostConfig.deployDirectory Desplegando el directorio [C:\Users\jhernandezp\Documents\jhernandezp\Curso2\JavaEE\apache-tomcat-10.1.18\webapps\host-manager] de la aplicación web
30-Jan-2024 14:18:00.025 INFO [main] org.apache.catalina.startup.HostConfig.deployDirectory Deployment of web application directory [C:\Users\jhernandezp\Documents\jhernandezp\Curso2\JavaEE\apache-tomcat-10.1.18\webapps\host-manager] has finished in [77] ms
30-Jan-2024 14:18:00.031 INFO [main] org.apache.catalina.startup.HostConfig.deployDirectory Desplegando el directorio [C:\Users\jhernandezp\Documents\jhernandezp\Curso2\JavaEE\apache-tomcat-10.1.18\webapps\manager] de la aplicación web
30-Jan-2024 14:18:00.104 INFO [main] org.apache.catalina.startup.HostConfig.deployDirectory Deployment of web application directory [C:\Users\jhernandezp\Documents\jhernandezp\Curso2\JavaEE\apache-tomcat-10.1.18\webapps\manager] has finished in [73] ms
30-Jan-2024 14:18:00.104 INFO [main] org.apache.catalina.startup.HostConfig.deployDirectory Desplegando el directorio [C:\Users\jhernandezp\Documents\jhernandezp\Curso2\JavaEE\apache-tomcat-10.1.18\webapps\ROOT] de la aplicación web
30-Jan-2024 14:18:00.147 INFO [main] org.apache.catalina.startup.HostConfig.deployDirectory Deployment of web application directory [C:\Users\jhernandezp\Documents\jhernandezp\Curso2\JavaEE\apache-tomcat-10.1.18\webapps\ROOT] has finished in [43] ms
30-Jan-2024 14:18:00.151 INFO [main] org.apache.coyote.AbstractProtocol.start Starting ProtocolHandler ["http-nio-8080"]
30-Jan-2024 14:18:00.218 INFO [main] org.apache.catalina.startup.Catalina.start Server startup in [1699] milliseconds
30-Jan-2024 14:18:07.108 INFO [http-nio-8080-exec-2] org.apache.catalina.startup.HostConfig.undeploy Repliegue (undeploy) de la aplicación web que tiene como trayectoria de contexto [/webapp]
30-Jan-2024 14:18:07.175 INFO [http-nio-8080-exec-2] org.apache.catalina.startup.HostConfig.deployWAR Despliegue del archivo [C:\Users\jhernandezp\Documents\jhernandezp\Curso2\JavaEE\apache-tomcat-10.1.18\webapps\webapp.war] de la aplicación web
30-Jan-2024 14:18:07.341 INFO [http-nio-8080-exec-2] org.apache.catalina.startup.HostConfig.deployWAR Deployment of web application archive [C:\Users\jhernandezp\Documents\jhernandezp\Curso2\JavaEE\apache-tomcat-10.1.18\webapps\webapp.war] has finished in [166] ms
30-Jan-2024 14:19:16.766 INFO [http-nio-8080-exec-12] org.apache.catalina.startup.HostConfig.undeploy Repliegue (undeploy) de la aplicación web que tiene como trayectoria de contexto [/webapp]
30-Jan-2024 14:19:16.802 INFO [http-nio-8080-exec-12] org.apache.catalina.startup.HostConfig.deployWAR Despliegue del archivo [C:\Users\jhernandezp\Documents\jhernandezp\Curso2\JavaEE\apache-tomcat-10.1.18\webapps\webapp.war] de la aplicación web
30-Jan-2024 14:19:16.915 INFO [http-nio-8080-exec-12] org.apache.catalina.startup.HostConfig.deployWAR Deployment of web application archive [C:\Users\jhernandezp\Documents\jhernandezp\Curso2\JavaEE\apache-tomcat-10.1.18\webapps\webapp.war] has finished in [113] ms
30-Jan-2024 14:19:31.078 INFO [http-nio-8080-exec-8] org.apache.catalina.startup.HostConfig.undeploy Repliegue (undeploy) de la aplicación web que tiene como trayectoria de contexto [/webapp]
30-Jan-2024 14:19:31.129 INFO [http-nio-8080-exec-8] org.apache.catalina.startup.HostConfig.deployWAR Despliegue del archivo [C:\Users\jhernandezp\Documents\jhernandezp\Curso2\JavaEE\apache-tomcat-10.1.18\webapps\webapp.war] de la aplicación web
30-Jan-2024 14:19:31.240 INFO [http-nio-8080-exec-8] org.apache.catalina.startup.HostConfig.deployWAR Deployment of web application archive [C:\Users\jhernandezp\Documents\jhernandezp\Curso2\JavaEE\apache-tomcat-10.1.18\webapps\webapp.war] has finished in [110] ms
30-Jan-2024 14:20:06.807 INFO [http-nio-8080-exec-17] org.apache.catalina.startup.HostConfig.undeploy Repliegue (undeploy) de la aplicación web que tiene como trayectoria de contexto [/webapp]
30-Jan-2024 14:20:06.849 INFO [http-nio-8080-exec-17] org.apache.catalina.startup.HostConfig.deployWAR Despliegue del archivo [C:\Users\jhernandezp\Documents\jhernandezp\Curso2\JavaEE\apache-tomcat-10.1.18\webapps\webapp.war] de la aplicación web
30-Jan-2024 14:20:06.972 INFO [http-nio-8080-exec-17] org.apache.catalina.startup.HostConfig.deployWAR Deployment of web application archive [C:\Users\jhernandezp\Documents\jhernandezp\Curso2\JavaEE\apache-tomcat-10.1.18\webapps\webapp.war] has finished in [122] ms
30-Jan-2024 14:21:25.097 INFO [http-nio-8080-exec-27] org.apache.catalina.startup.HostConfig.undeploy Repliegue (undeploy) de la aplicación web que tiene como trayectoria de contexto [/webapp]
30-Jan-2024 14:21:25.145 INFO [http-nio-8080-exec-27] org.apache.catalina.startup.HostConfig.deployWAR Despliegue del archivo [C:\Users\jhernandezp\Documents\jhernandezp\Curso2\JavaEE\apache-tomcat-10.1.18\webapps\webapp.war] de la aplicación web
30-Jan-2024 14:21:25.263 INFO [http-nio-8080-exec-27] org.apache.catalina.startup.HostConfig.deployWAR Deployment of web application archive [C:\Users\jhernandezp\Documents\jhernandezp\Curso2\JavaEE\apache-tomcat-10.1.18\webapps\webapp.war] has finished in [118] ms
30-Jan-2024 14:24:55.487 INFO [http-nio-8080-exec-32] org.apache.catalina.startup.HostConfig.undeploy Repliegue (undeploy) de la aplicación web que tiene como trayectoria de contexto [/webapp]
30-Jan-2024 14:24:55.572 INFO [http-nio-8080-exec-32] org.apache.catalina.startup.HostConfig.deployWAR Despliegue del archivo [C:\Users\jhernandezp\Documents\jhernandezp\Curso2\JavaEE\apache-tomcat-10.1.18\webapps\webapp.war] de la aplicación web
30-Jan-2024 14:24:55.849 INFO [http-nio-8080-exec-32] org.apache.catalina.startup.HostConfig.deployWAR Deployment of web application archive [C:\Users\jhernandezp\Documents\jhernandezp\Curso2\JavaEE\apache-tomcat-10.1.18\webapps\webapp.war] has finished in [277] ms
30-Jan-2024 15:04:34.461 INFO [main] org.apache.catalina.startup.VersionLoggerListener.log Nombre de la versión del servidor: Apache Tomcat/10.1.18
30-Jan-2024 15:04:34.464 INFO [main] org.apache.catalina.startup.VersionLoggerListener.log Server built:                      Jan 5 2024 14:39:40 UTC
30-Jan-2024 15:04:34.464 INFO [main] org.apache.catalina.startup.VersionLoggerListener.log Número de versión de servidor:     10.1.18.0
30-Jan-2024 15:04:34.464 INFO [main] org.apache.catalina.startup.VersionLoggerListener.log OS Name:                           Windows 10
30-Jan-2024 15:04:34.465 INFO [main] org.apache.catalina.startup.VersionLoggerListener.log Versión de Systema Operativo:      10.0
30-Jan-2024 15:04:34.467 INFO [main] org.apache.catalina.startup.VersionLoggerListener.log Arquitectura:                      amd64
30-Jan-2024 15:04:34.467 INFO [main] org.apache.catalina.startup.VersionLoggerListener.log Java Home:                         C:\Program Files\Java\jdk-19
30-Jan-2024 15:04:34.468 INFO [main] org.apache.catalina.startup.VersionLoggerListener.log JVM Version:                       19.0.1+10-21
30-Jan-2024 15:04:34.468 INFO [main] org.apache.catalina.startup.VersionLoggerListener.log Vededor JVM:                       Oracle Corporation
30-Jan-2024 15:04:34.468 INFO [main] org.apache.catalina.startup.VersionLoggerListener.log CATALINA_BASE:                     C:\Users\jhernandezp\Documents\jhernandezp\Curso2\JavaEE\apache-tomcat-10.1.18
30-Jan-2024 15:04:34.468 INFO [main] org.apache.catalina.startup.VersionLoggerListener.log CATALINA_HOME:                     C:\Users\jhernandezp\Documents\jhernandezp\Curso2\JavaEE\apache-tomcat-10.1.18
30-Jan-2024 15:04:34.483 INFO [main] org.apache.catalina.startup.VersionLoggerListener.log Command line argument:             -Djava.util.logging.config.file=C:\Users\jhernandezp\Documents\jhernandezp\Curso2\JavaEE\apache-tomcat-10.1.18\conf\logging.properties
30-Jan-2024 15:04:34.483 INFO [main] org.apache.catalina.startup.VersionLoggerListener.log Command line argument:             -Djava.util.logging.manager=org.apache.juli.ClassLoaderLogManager
30-Jan-2024 15:04:34.484 INFO [main] org.apache.catalina.startup.VersionLoggerListener.log Command line argument:             -Djdk.tls.ephemeralDHKeySize=2048
30-Jan-2024 15:04:34.484 INFO [main] org.apache.catalina.startup.VersionLoggerListener.log Command line argument:             -Djava.protocol.handler.pkgs=org.apache.catalina.webresources
30-Jan-2024 15:04:34.484 INFO [main] org.apache.catalina.startup.VersionLoggerListener.log Command line argument:             --add-opens=java.base/java.lang=ALL-UNNAMED
30-Jan-2024 15:04:34.484 INFO [main] org.apache.catalina.startup.VersionLoggerListener.log Command line argument:             --add-opens=java.base/java.io=ALL-UNNAMED
30-Jan-2024 15:04:34.488 INFO [main] org.apache.catalina.startup.VersionLoggerListener.log Command line argument:             --add-opens=java.base/java.util=ALL-UNNAMED
30-Jan-2024 15:04:34.489 INFO [main] org.apache.catalina.startup.VersionLoggerListener.log Command line argument:             --add-opens=java.base/java.util.concurrent=ALL-UNNAMED
30-Jan-2024 15:04:34.489 INFO [main] org.apache.catalina.startup.VersionLoggerListener.log Command line argument:             --add-opens=java.rmi/sun.rmi.transport=ALL-UNNAMED
30-Jan-2024 15:04:34.490 INFO [main] org.apache.catalina.startup.VersionLoggerListener.log Command line argument:             -Dcatalina.base=C:\Users\jhernandezp\Documents\jhernandezp\Curso2\JavaEE\apache-tomcat-10.1.18
30-Jan-2024 15:04:34.492 INFO [main] org.apache.catalina.startup.VersionLoggerListener.log Command line argument:             -Dcatalina.home=C:\Users\jhernandezp\Documents\jhernandezp\Curso2\JavaEE\apache-tomcat-10.1.18
30-Jan-2024 15:04:34.494 INFO [main] org.apache.catalina.startup.VersionLoggerListener.log Command line argument:             -Djava.io.tmpdir=C:\Users\jhernandezp\Documents\jhernandezp\Curso2\JavaEE\apache-tomcat-10.1.18\temp
30-Jan-2024 15:04:34.517 INFO [main] org.apache.catalina.core.AprLifecycleListener.lifecycleEvent Cargada la biblioteca nativa APR de Apache Tomcat [2.0.6] con la versión APR [1.7.4].
30-Jan-2024 15:04:34.524 INFO [main] org.apache.catalina.core.AprLifecycleListener.initializeSSL OpenSSL inicializado correctamente [OpenSSL 3.0.11 19 Sep 2023]
30-Jan-2024 15:04:34.840 INFO [main] org.apache.coyote.AbstractProtocol.init Inicializando el manejador de protocolo ["http-nio-8080"]

30-Jan-2024 15:04:34.861 SEVERE [main] org.apache.catalina.util.LifecycleBase.handleSubClassException Fallo al iniciar el componente [Connector["http-nio-8080"]]
	org.apache.catalina.LifecycleException: Falló la inicialización del manejador de protocolo
		at org.apache.catalina.connector.Connector.initInternal(Connector.java:1015)
		at org.apache.catalina.util.LifecycleBase.init(LifecycleBase.java:127)
		at org.apache.catalina.core.StandardService.initInternal(StandardService.java:554)
		at org.apache.catalina.util.LifecycleBase.init(LifecycleBase.java:127)
		at org.apache.catalina.core.StandardServer.initInternal(StandardServer.java:1010)
		at org.apache.catalina.util.LifecycleBase.init(LifecycleBase.java:127)
		at org.apache.catalina.startup.Catalina.load(Catalina.java:747)
		at org.apache.catalina.startup.Catalina.load(Catalina.java:769)
		at java.base/jdk.internal.reflect.DirectMethodHandleAccessor.invoke(DirectMethodHandleAccessor.java:104)
		at java.base/java.lang.reflect.Method.invoke(Method.java:578)
		at org.apache.catalina.startup.Bootstrap.load(Bootstrap.java:307)
		at org.apache.catalina.startup.Bootstrap.main(Bootstrap.java:477)
	Caused by: java.net.BindException: Address already in use: bind
		at java.base/sun.nio.ch.Net.bind0(Native Method)
		at java.base/sun.nio.ch.Net.bind(Net.java:555)
		at java.base/sun.nio.ch.ServerSocketChannelImpl.netBind(ServerSocketChannelImpl.java:344)
		at java.base/sun.nio.ch.ServerSocketChannelImpl.bind(ServerSocketChannelImpl.java:301)
		at org.apache.tomcat.util.net.NioEndpoint.initServerSocket(NioEndpoint.java:247)
		at org.apache.tomcat.util.net.NioEndpoint.bind(NioEndpoint.java:202)
		at org.apache.tomcat.util.net.AbstractEndpoint.bindWithCleanup(AbstractEndpoint.java:1280)
		at org.apache.tomcat.util.net.AbstractEndpoint.init(AbstractEndpoint.java:1293)
		at org.apache.coyote.AbstractProtocol.init(AbstractProtocol.java:624)
		at org.apache.coyote.http11.AbstractHttp11Protocol.init(AbstractHttp11Protocol.java:77)
		at org.apache.catalina.connector.Connector.initInternal(Connector.java:1013)
		... 11 more
30-Jan-2024 15:04:34.864 INFO [main] org.apache.catalina.startup.Catalina.load Server initialization in [616] milliseconds
30-Jan-2024 15:04:34.934 INFO [main] org.apache.catalina.core.StandardService.startInternal Arrancando servicio [Catalina]
30-Jan-2024 15:04:34.940 INFO [main] org.apache.catalina.core.StandardEngine.startInternal Starting Servlet engine: [Apache Tomcat/10.1.18]
30-Jan-2024 15:04:34.973 INFO [main] org.apache.catalina.startup.HostConfig.deployWAR Despliegue del archivo [C:\Users\jhernandezp\Documents\jhernandezp\Curso2\JavaEE\apache-tomcat-10.1.18\webapps\webapp-1.0-SNAPSHOT.war] de la aplicación web
30-Jan-2024 15:04:35.412 INFO [main] org.apache.catalina.startup.HostConfig.deployWAR Deployment of web application archive [C:\Users\jhernandezp\Documents\jhernandezp\Curso2\JavaEE\apache-tomcat-10.1.18\webapps\webapp-1.0-SNAPSHOT.war] has finished in [436] ms
30-Jan-2024 15:04:35.415 INFO [main] org.apache.catalina.startup.HostConfig.deployWAR Despliegue del archivo [C:\Users\jhernandezp\Documents\jhernandezp\Curso2\JavaEE\apache-tomcat-10.1.18\webapps\webapp.war] de la aplicación web
30-Jan-2024 15:04:35.513 INFO [main] org.apache.catalina.startup.HostConfig.deployWAR Deployment of web application archive [C:\Users\jhernandezp\Documents\jhernandezp\Curso2\JavaEE\apache-tomcat-10.1.18\webapps\webapp.war] has finished in [97] ms
30-Jan-2024 15:04:35.513 INFO [main] org.apache.catalina.startup.HostConfig.deployDirectory Desplegando el directorio [C:\Users\jhernandezp\Documents\jhernandezp\Curso2\JavaEE\apache-tomcat-10.1.18\webapps\docs] de la aplicación web
30-Jan-2024 15:04:35.568 INFO [main] org.apache.catalina.startup.HostConfig.deployDirectory Deployment of web application directory [C:\Users\jhernandezp\Documents\jhernandezp\Curso2\JavaEE\apache-tomcat-10.1.18\webapps\docs] has finished in [55] ms
30-Jan-2024 15:04:35.570 INFO [main] org.apache.catalina.startup.HostConfig.deployDirectory Desplegando el directorio [C:\Users\jhernandezp\Documents\jhernandezp\Curso2\JavaEE\apache-tomcat-10.1.18\webapps\examples] de la aplicación web
30-Jan-2024 15:04:36.271 INFO [main] org.apache.catalina.startup.HostConfig.deployDirectory Deployment of web application directory [C:\Users\jhernandezp\Documents\jhernandezp\Curso2\JavaEE\apache-tomcat-10.1.18\webapps\examples] has finished in [700] ms
30-Jan-2024 15:04:36.271 INFO [main] org.apache.catalina.startup.HostConfig.deployDirectory Desplegando el directorio [C:\Users\jhernandezp\Documents\jhernandezp\Curso2\JavaEE\apache-tomcat-10.1.18\webapps\host-manager] de la aplicación web
30-Jan-2024 15:04:36.329 INFO [main] org.apache.catalina.startup.HostConfig.deployDirectory Deployment of web application directory [C:\Users\jhernandezp\Documents\jhernandezp\Curso2\JavaEE\apache-tomcat-10.1.18\webapps\host-manager] has finished in [58] ms
30-Jan-2024 15:04:36.330 INFO [main] org.apache.catalina.startup.HostConfig.deployDirectory Desplegando el directorio [C:\Users\jhernandezp\Documents\jhernandezp\Curso2\JavaEE\apache-tomcat-10.1.18\webapps\manager] de la aplicación web
30-Jan-2024 15:04:36.411 INFO [main] org.apache.catalina.startup.HostConfig.deployDirectory Deployment of web application directory [C:\Users\jhernandezp\Documents\jhernandezp\Curso2\JavaEE\apache-tomcat-10.1.18\webapps\manager] has finished in [80] ms
30-Jan-2024 15:04:36.411 INFO [main] org.apache.catalina.startup.HostConfig.deployDirectory Desplegando el directorio [C:\Users\jhernandezp\Documents\jhernandezp\Curso2\JavaEE\apache-tomcat-10.1.18\webapps\ROOT] de la aplicación web
30-Jan-2024 15:04:36.459 INFO [main] org.apache.catalina.startup.HostConfig.deployDirectory Deployment of web application directory [C:\Users\jhernandezp\Documents\jhernandezp\Curso2\JavaEE\apache-tomcat-10.1.18\webapps\ROOT] has finished in [48] ms
30-Jan-2024 15:04:36.468 INFO [main] org.apache.catalina.startup.Catalina.start Server startup in [1598] milliseconds
30-Jan-2024 15:04:36.480 SEVERE [main] org.apache.catalina.core.StandardServer.await Failed to create server shutdown socket on address [localhost] and port [8005] (base port [8005] and offset [0])
	java.net.BindException: Address already in use: bind
		at java.base/sun.nio.ch.Net.bind0(Native Method)
		at java.base/sun.nio.ch.Net.bind(Net.java:555)
		at java.base/sun.nio.ch.Net.bind(Net.java:544)
		at java.base/sun.nio.ch.NioSocketImpl.bind(NioSocketImpl.java:629)
		at java.base/java.net.ServerSocket.bind(ServerSocket.java:393)
		at java.base/java.net.ServerSocket.<init>(ServerSocket.java:275)
		at org.apache.catalina.core.StandardServer.await(StandardServer.java:577)
		at org.apache.catalina.startup.Catalina.await(Catalina.java:887)
		at org.apache.catalina.startup.Catalina.start(Catalina.java:833)
		at java.base/jdk.internal.reflect.DirectMethodHandleAccessor.invoke(DirectMethodHandleAccessor.java:104)
		at java.base/java.lang.reflect.Method.invoke(Method.java:578)
		at org.apache.catalina.startup.Bootstrap.start(Bootstrap.java:347)
		at org.apache.catalina.startup.Bootstrap.main(Bootstrap.java:478)
30-Jan-2024 15:04:36.482 INFO [main] org.apache.coyote.AbstractProtocol.pause Pausing ProtocolHandler ["http-nio-8080"]
30-Jan-2024 15:04:36.484 INFO [main] org.apache.catalina.core.StandardService.stopInternal Parando servicio [Catalina]
30-Jan-2024 15:04:36.516 INFO [main] org.apache.coyote.AbstractProtocol.stop Stopping ProtocolHandler ["http-nio-8080"]
30-Jan-2024 15:04:36.518 INFO [main] org.apache.coyote.AbstractProtocol.destroy Destroying ProtocolHandler ["http-nio-8080"]
30-Jan-2024 15:05:25.794 INFO [http-nio-8080-exec-43] org.apache.catalina.startup.HostConfig.deployWAR Despliegue del archivo [C:\Users\jhernandezp\Documents\jhernandezp\Curso2\JavaEE\apache-tomcat-10.1.18\webapps\webappform.war] de la aplicación web
30-Jan-2024 15:05:25.903 INFO [http-nio-8080-exec-43] org.apache.catalina.startup.HostConfig.deployWAR Deployment of web application archive [C:\Users\jhernandezp\Documents\jhernandezp\Curso2\JavaEE\apache-tomcat-10.1.18\webapps\webappform.war] has finished in [109] ms
30-Jan-2024 15:30:31.919 INFO [http-nio-8080-exec-41] org.apache.catalina.startup.HostConfig.undeploy Repliegue (undeploy) de la aplicación web que tiene como trayectoria de contexto [/webappform]
30-Jan-2024 15:30:31.970 INFO [http-nio-8080-exec-41] org.apache.catalina.startup.HostConfig.deployWAR Despliegue del archivo [C:\Users\jhernandezp\Documents\jhernandezp\Curso2\JavaEE\apache-tomcat-10.1.18\webapps\webappform.war] de la aplicación web
30-Jan-2024 15:30:32.207 INFO [http-nio-8080-exec-41] org.apache.catalina.startup.HostConfig.deployWAR Deployment of web application archive [C:\Users\jhernandezp\Documents\jhernandezp\Curso2\JavaEE\apache-tomcat-10.1.18\webapps\webappform.war] has finished in [234] ms
30-Jan-2024 15:31:14.914 INFO [http-nio-8080-exec-44] org.apache.catalina.startup.HostConfig.undeploy Repliegue (undeploy) de la aplicación web que tiene como trayectoria de contexto [/webappform]
30-Jan-2024 15:31:14.977 INFO [http-nio-8080-exec-44] org.apache.catalina.startup.HostConfig.deployWAR Despliegue del archivo [C:\Users\jhernandezp\Documents\jhernandezp\Curso2\JavaEE\apache-tomcat-10.1.18\webapps\webappform.war] de la aplicación web
30-Jan-2024 15:31:15.194 INFO [http-nio-8080-exec-44] org.apache.catalina.startup.HostConfig.deployWAR Deployment of web application archive [C:\Users\jhernandezp\Documents\jhernandezp\Curso2\JavaEE\apache-tomcat-10.1.18\webapps\webappform.war] has finished in [217] ms
30-Jan-2024 15:32:31.906 INFO [http-nio-8080-exec-58] org.apache.catalina.startup.HostConfig.undeploy Repliegue (undeploy) de la aplicación web que tiene como trayectoria de contexto [/webappform]
30-Jan-2024 15:32:31.932 INFO [http-nio-8080-exec-58] org.apache.catalina.startup.HostConfig.deployWAR Despliegue del archivo [C:\Users\jhernandezp\Documents\jhernandezp\Curso2\JavaEE\apache-tomcat-10.1.18\webapps\webappform.war] de la aplicación web
30-Jan-2024 15:32:32.037 INFO [http-nio-8080-exec-58] org.apache.catalina.startup.HostConfig.deployWAR Deployment of web application archive [C:\Users\jhernandezp\Documents\jhernandezp\Curso2\JavaEE\apache-tomcat-10.1.18\webapps\webappform.war] has finished in [104] ms
