30-Jan-2024 10:48:49.883 INFO [http-nio-8080-exec-2] org.apache.catalina.core.ApplicationContext.log Manager: init: Associated with Deployer 'Catalina:type=Deployer,host=localhost'
30-Jan-2024 10:48:49.883 INFO [http-nio-8080-exec-2] org.apache.catalina.core.ApplicationContext.log Manager: init: Global resources are available
30-Jan-2024 10:48:49.895 INFO [http-nio-8080-exec-2] org.apache.catalina.core.ApplicationContext.log Manager: deploy: Deploying web application '/webapp'
30-Jan-2024 10:48:49.895 INFO [http-nio-8080-exec-2] org.apache.catalina.core.ApplicationContext.log Manager: Uploading WAR file to C:\Users\jhernandezp\Documents\jhernandezp\Curso2\JavaEE\apache-tomcat-10.1.18\webapps\webapp.war.tmp
30-Jan-2024 10:50:09.290 INFO [http-nio-8080-exec-6] org.apache.catalina.core.ApplicationContext.log Manager: deploy: Deploying web application '/webapp'
30-Jan-2024 10:50:09.290 INFO [http-nio-8080-exec-6] org.apache.catalina.core.ApplicationContext.log Manager: Uploading WAR file to C:\Users\jhernandezp\Documents\jhernandezp\Curso2\JavaEE\apache-tomcat-10.1.18\webapps\webapp.war.tmp
30-Jan-2024 10:51:12.695 INFO [http-nio-8080-exec-18] org.apache.catalina.core.ApplicationContext.log Manager: deploy: Deploying web application '/webapp'
30-Jan-2024 10:51:12.695 INFO [http-nio-8080-exec-18] org.apache.catalina.core.ApplicationContext.log Manager: Uploading WAR file to C:\Users\jhernandezp\Documents\jhernandezp\Curso2\JavaEE\apache-tomcat-10.1.18\webapps\webapp.war.tmp
30-Jan-2024 11:43:35.179 INFO [http-nio-8080-exec-1] org.apache.catalina.core.ApplicationContext.log Manager: init: Associated with Deployer 'Catalina:type=Deployer,host=localhost'
30-Jan-2024 11:43:35.180 INFO [http-nio-8080-exec-1] org.apache.catalina.core.ApplicationContext.log Manager: init: Global resources are available
30-Jan-2024 11:43:35.191 INFO [http-nio-8080-exec-1] org.apache.catalina.core.ApplicationContext.log Manager: deploy: Deploying web application '/webapp'
30-Jan-2024 11:43:35.191 INFO [http-nio-8080-exec-1] org.apache.catalina.core.ApplicationContext.log Manager: Uploading WAR file to C:\Users\jhernandezp\Documents\jhernandezp\Curso2\JavaEE\apache-tomcat-10.1.18\webapps\webapp.war.tmp
30-Jan-2024 14:18:07.046 INFO [http-nio-8080-exec-2] org.apache.catalina.core.ApplicationContext.log Manager: init: Associated with Deployer 'Catalina:type=Deployer,host=localhost'
30-Jan-2024 14:18:07.046 INFO [http-nio-8080-exec-2] org.apache.catalina.core.ApplicationContext.log Manager: init: Global resources are available
30-Jan-2024 14:18:07.055 INFO [http-nio-8080-exec-2] org.apache.catalina.core.ApplicationContext.log Manager: deploy: Deploying web application '/webapp'
30-Jan-2024 14:18:07.055 INFO [http-nio-8080-exec-2] org.apache.catalina.core.ApplicationContext.log Manager: Uploading WAR file to C:\Users\jhernandezp\Documents\jhernandezp\Curso2\JavaEE\apache-tomcat-10.1.18\webapps\webapp.war.tmp
30-Jan-2024 14:19:16.754 INFO [http-nio-8080-exec-12] org.apache.catalina.core.ApplicationContext.log Manager: deploy: Deploying web application '/webapp'
30-Jan-2024 14:19:16.754 INFO [http-nio-8080-exec-12] org.apache.catalina.core.ApplicationContext.log Manager: Uploading WAR file to C:\Users\jhernandezp\Documents\jhernandezp\Curso2\JavaEE\apache-tomcat-10.1.18\webapps\webapp.war.tmp
30-Jan-2024 14:19:31.065 INFO [http-nio-8080-exec-8] org.apache.catalina.core.ApplicationContext.log Manager: deploy: Deploying web application '/webapp'
30-Jan-2024 14:19:31.065 INFO [http-nio-8080-exec-8] org.apache.catalina.core.ApplicationContext.log Manager: Uploading WAR file to C:\Users\jhernandezp\Documents\jhernandezp\Curso2\JavaEE\apache-tomcat-10.1.18\webapps\webapp.war.tmp
30-Jan-2024 14:20:06.783 INFO [http-nio-8080-exec-17] org.apache.catalina.core.ApplicationContext.log Manager: deploy: Deploying web application '/webapp'
30-Jan-2024 14:20:06.783 INFO [http-nio-8080-exec-17] org.apache.catalina.core.ApplicationContext.log Manager: Uploading WAR file to C:\Users\jhernandezp\Documents\jhernandezp\Curso2\JavaEE\apache-tomcat-10.1.18\webapps\webapp.war.tmp
30-Jan-2024 14:21:25.085 INFO [http-nio-8080-exec-27] org.apache.catalina.core.ApplicationContext.log Manager: deploy: Deploying web application '/webapp'
30-Jan-2024 14:21:25.085 INFO [http-nio-8080-exec-27] org.apache.catalina.core.ApplicationContext.log Manager: Uploading WAR file to C:\Users\jhernandezp\Documents\jhernandezp\Curso2\JavaEE\apache-tomcat-10.1.18\webapps\webapp.war.tmp
30-Jan-2024 14:24:55.472 INFO [http-nio-8080-exec-32] org.apache.catalina.core.ApplicationContext.log Manager: deploy: Deploying web application '/webapp'
30-Jan-2024 14:24:55.472 INFO [http-nio-8080-exec-32] org.apache.catalina.core.ApplicationContext.log Manager: Uploading WAR file to C:\Users\jhernandezp\Documents\jhernandezp\Curso2\JavaEE\apache-tomcat-10.1.18\webapps\webapp.war.tmp
30-Jan-2024 15:05:25.775 INFO [http-nio-8080-exec-43] org.apache.catalina.core.ApplicationContext.log Manager: deploy: Deploying web application '/webappform'
30-Jan-2024 15:05:25.775 INFO [http-nio-8080-exec-43] org.apache.catalina.core.ApplicationContext.log Manager: Uploading WAR file to C:\Users\jhernandezp\Documents\jhernandezp\Curso2\JavaEE\apache-tomcat-10.1.18\webapps\webappform.war.tmp
30-Jan-2024 15:30:31.898 INFO [http-nio-8080-exec-41] org.apache.catalina.core.ApplicationContext.log Manager: deploy: Deploying web application '/webappform'
30-Jan-2024 15:30:31.898 INFO [http-nio-8080-exec-41] org.apache.catalina.core.ApplicationContext.log Manager: Uploading WAR file to C:\Users\jhernandezp\Documents\jhernandezp\Curso2\JavaEE\apache-tomcat-10.1.18\webapps\webappform.war.tmp
30-Jan-2024 15:31:14.865 INFO [http-nio-8080-exec-44] org.apache.catalina.core.ApplicationContext.log Manager: deploy: Deploying web application '/webappform'
30-Jan-2024 15:31:14.865 INFO [http-nio-8080-exec-44] org.apache.catalina.core.ApplicationContext.log Manager: Uploading WAR file to C:\Users\jhernandezp\Documents\jhernandezp\Curso2\JavaEE\apache-tomcat-10.1.18\webapps\webappform.war.tmp
30-Jan-2024 15:32:31.891 INFO [http-nio-8080-exec-58] org.apache.catalina.core.ApplicationContext.log Manager: deploy: Deploying web application '/webappform'
30-Jan-2024 15:32:31.891 INFO [http-nio-8080-exec-58] org.apache.catalina.core.ApplicationContext.log Manager: Uploading WAR file to C:\Users\jhernandezp\Documents\jhernandezp\Curso2\JavaEE\apache-tomcat-10.1.18\webapps\webappform.war.tmp
